<?xml version="1.0" encoding="UTF-8"?>
<!-- Generated by org.testng.reporters.JUnitReportReporter -->
<testsuite skipped="0" hostname="HUYF9-PF1L46YU" name="factory.FactoryTest2" tests="3" failures="0" timestamp="16 一月 2020 02:44:17 GMT" time="30.007" errors="0">
  <testcase name="sout1" time="10.002" classname="factory.FactoryTest2"/>
  <testcase name="sout1" time="10.002" classname="factory.FactoryTest2"/>
  <testcase name="sout1" time="10.003" classname="factory.FactoryTest2"/>
</testsuite> <!-- factory.FactoryTest2 -->
