<?xml version="1.0" encoding="UTF-8"?>
<!-- Generated by org.testng.reporters.JUnitReportReporter -->
<testsuite skipped="0" hostname="HUYF9-PF1L46YU" name="factory.Factory1" tests="2" failures="0" timestamp="12 十二月 2019 08:51:24 GMT" time="0.003" errors="0">
  <testcase name="test2" time="0.001" classname="factory.Factory1"/>
  <testcase name="test1" time="0.002" classname="factory.Factory1"/>
</testsuite> <!-- factory.Factory1 -->
