<?xml version="1.0" encoding="UTF-8"?>
<!-- Generated by org.testng.reporters.JUnitReportReporter -->
<testsuite skipped="0" hostname="HUYF9-PF1L46YU" name="factory.FactoryTest1" tests="1" failures="0" timestamp="16 一月 2020 02:44:17 GMT" time="3.003" errors="0">
  <testcase name="sout1" time="3.003" classname="factory.FactoryTest1"/>
</testsuite> <!-- factory.FactoryTest1 -->
