<?xml version="1.0" encoding="UTF-8"?>
<!-- Generated by org.testng.reporters.JUnitReportReporter -->
<testsuite skipped="0" hostname="HUYF9-PF1L46YU" name="parallel.Parallel1" tests="3" failures="0" timestamp="12 十二月 2019 08:51:24 GMT" time="0.009" errors="0">
  <testcase name="test3" time="0.003" classname="parallel.Parallel1"/>
  <testcase name="test2" time="0.003" classname="parallel.Parallel1"/>
  <testcase name="tes1" time="0.003" classname="parallel.Parallel1"/>
</testsuite> <!-- parallel.Parallel1 -->
