<?xml version="1.0" encoding="UTF-8"?>
<!-- Generated by org.testng.reporters.JUnitReportReporter -->
<testsuite skipped="0" hostname="HUYF9-PF1L46YU" name="factory.TestDate" tests="4" failures="0" timestamp="16 一月 2020 02:44:17 GMT" time="0.006" errors="0">
  <testcase name="test2" time="0.001" classname="factory.TestDate"/>
  <testcase name="test1" time="0.001" classname="factory.TestDate"/>
  <testcase name="test2" time="0.001" classname="factory.TestDate"/>
  <testcase name="test1" time="0.003" classname="factory.TestDate"/>
</testsuite> <!-- factory.TestDate -->
