<?xml version="1.0" encoding="UTF-8"?>
<!-- Generated by org.testng.reporters.JUnitReportReporter -->
<testsuite skipped="0" hostname="HUYF9-PF1L46YU" name="factory.FactoryTest3" tests="3" failures="0" timestamp="16 一月 2020 02:44:17 GMT" time="0.004" errors="0">
  <testcase name="sout1" time="0.001" classname="factory.FactoryTest3"/>
  <testcase name="sout1" time="0.002" classname="factory.FactoryTest3"/>
  <testcase name="sout1" time="0.001" classname="factory.FactoryTest3"/>
</testsuite> <!-- factory.FactoryTest3 -->
