<?xml version="1.0" encoding="UTF-8"?>
<!-- Generated by org.testng.reporters.JUnitReportReporter -->
<testsuite hostname="HUYF9-PF1L46YU" failures="0" tests="1" name="factory.FactoryTest1" time="3.000" errors="0" timestamp="08 7æœˆ 2019 08:20:19 GMT" skipped="0">
  <testcase classname="factory.FactoryTest1" name="sout1" time="3.000"/>
</testsuite> <!-- factory.FactoryTest1 -->
