<?xml version="1.0" encoding="UTF-8"?>
<!-- Generated by org.testng.reporters.JUnitReportReporter -->
<testsuite hostname="HUYF9-PF1L46YU" failures="0" tests="2" name="factory.FactoryTest3" time="0.000" errors="0" timestamp="08 7æœˆ 2019 08:20:19 GMT" skipped="0">
  <testcase classname="factory.FactoryTest3" name="sout1" time="0.000"/>
  <testcase classname="factory.FactoryTest3" name="sout1" time="0.000"/>
</testsuite> <!-- factory.FactoryTest3 -->
