<?xml version="1.0" encoding="UTF-8"?>
<!-- Generated by org.testng.reporters.JUnitReportReporter -->
<testsuite hostname="HUYF9-PF1L46YU" failures="0" tests="1" name="example.MyTest" time="0.007" errors="0" timestamp="27 6æœˆ 2019 06:08:18 GMT" skipped="0">
  <testcase classname="example.MyTest" name="test1" time="0.007"/>
</testsuite> <!-- example.MyTest -->
