<?xml version="1.0" encoding="UTF-8"?>
<!-- Generated by org.testng.reporters.JUnitReportReporter -->
<testsuite hostname="HUYF9-PF1L46YU" failures="0" tests="1" name="example.MyTest" time="0.005" errors="0" timestamp="26 6æœˆ 2019 09:53:55 GMT" skipped="0">
  <testcase classname="example.MyTest" name="test1" time="0.005"/>
</testsuite> <!-- example.MyTest -->
